{
  "RSpec": {
    "coverage": {
      "/Users/anderrock/Desktop/Devpoint/week6/testing/tddbdd/specs-2/app/controllers/robots_controller.rb": [
        1,
        1,
        3,
        null,
        null,
        1,
        3,
        null,
        null,
        1,
        null,
        null,
        null,
        1,
        4,
        4,
        2,
        2,
        null,
        2,
        null,
        null,
        null,
        1,
        2,
        null,
        null,
        1,
        2,
        2,
        1,
        1,
        null,
        1,
        null,
        null,
        null,
        1,
        1,
        1,
        1,
        null,
        null,
        1,
        null,
        1,
        6,
        null,
        null
      ],
      "/Users/anderrock/Desktop/Devpoint/week6/testing/tddbdd/specs-2/app/controllers/application_controller.rb": [
        1,
        null,
        null,
        1,
        null
      ]
    },
    "timestamp": 1450913357
  }
}
